# JRE version: OpenJDK Runtime Environment (21.0.2+13) (build 21.0.2+13-58)
# Java VM: OpenJDK 64-Bit Server VM (21.0.2+13-58, mixed mode, sharing, tiered, compressed oops, compressed class ptrs, g1 gc, linux-amd64)
GC Precious Log:
 CardTable entry size: 512
 Card Set container configuration: InlinePtr #cards 4 size 8 Array Of Cards #cards 32 size 80 Howl #buckets 8 coarsen threshold 7372 Howl Bitmap #cards 1024 size 144 coarsen threshold 921 Card regions per heap region 1 cards per card region 8192
 CPUs: 20 total, 20 available
 Memory: 31963M
 Large Page Support: Disabled
 NUMA Support: Disabled
 Compressed Oops: Enabled (Zero based)
 Heap Region Size: 4M
 Heap Min Capacity: 8M
 Heap Initial Capacity: 500M
 Heap Max Capacity: 7992M
 Pre-touch: Disabled
 Parallel Workers: 15
 Concurrent Workers: 4
 Concurrent Refinement Workers: 15
 Periodic GC: Disabled
Heap:
 garbage-first heap   total 81920K, used 27063K [0x000000060c800000, 0x0000000800000000)
  region size 4096K, 7 young (28672K), 3 survivors (12288K)
 Metaspace       used 22654K, committed 23104K, reserved 1114112K
  class space    used 3483K, committed 3712K, reserved 1048576K
GC Heap History (6 events):
Event: 0,379 GC heap before
{Heap before GC invocations=0 (full 0):
 garbage-first heap   total 516096K, used 21533K [0x000000060c800000, 0x0000000800000000)
  region size 4096K, 6 young (24576K), 0 survivors (0K)
 Metaspace       used 4690K, committed 4928K, reserved 1114112K
  class space    used 550K, committed 640K, reserved 1048576K
}
Event: 0,381 GC heap after
{Heap after GC invocations=1 (full 0):
 garbage-first heap   total 516096K, used 5281K [0x000000060c800000, 0x0000000800000000)
  region size 4096K, 1 young (4096K), 1 survivors (4096K)
 Metaspace       used 4690K, committed 4928K, reserved 1114112K
  class space    used 550K, committed 640K, reserved 1048576K
}
Event: 3,245 GC heap before
{Heap before GC invocations=1 (full 0):
 garbage-first heap   total 516096K, used 66721K [0x000000060c800000, 0x0000000800000000)
  region size 4096K, 16 young (65536K), 1 survivors (4096K)
 Metaspace       used 19372K, committed 19776K, reserved 1114112K
  class space    used 2832K, committed 3008K, reserved 1048576K
}
Event: 3,247 GC heap after
{Heap after GC invocations=2 (full 0):
 garbage-first heap   total 516096K, used 12994K [0x000000060c800000, 0x0000000800000000)
  region size 4096K, 2 young (8192K), 2 survivors (8192K)
 Metaspace       used 19372K, committed 19776K, reserved 1114112K
  class space    used 2832K, committed 3008K, reserved 1048576K
}
Event: 3,342 GC heap before
{Heap before GC invocations=2 (full 0):
 garbage-first heap   total 516096K, used 25282K [0x000000060c800000, 0x0000000800000000)
  region size 4096K, 6 young (24576K), 2 survivors (8192K)
 Metaspace       used 21200K, committed 21504K, reserved 1114112K
  class space    used 3202K, committed 3328K, reserved 1048576K
}
Event: 3,345 GC heap after
{Heap after GC invocations=3 (full 0):
 garbage-first heap   total 516096K, used 14775K [0x000000060c800000, 0x0000000800000000)
  region size 4096K, 3 young (12288K), 3 survivors (12288K)
 Metaspace       used 21200K, committed 21504K, reserved 1114112K
  class space    used 3202K, committed 3328K, reserved 1048576K
}

