# JRE version: OpenJDK Runtime Environment (21.0.2+13) (build 21.0.2+13-58)
# Java VM: OpenJDK 64-Bit Server VM (21.0.2+13-58, mixed mode, sharing, tiered, compressed oops, compressed class ptrs, g1 gc, linux-amd64)
GC Precious Log:
 CardTable entry size: 512
 Card Set container configuration: InlinePtr #cards 4 size 8 Array Of Cards #cards 32 size 80 Howl #buckets 8 coarsen threshold 7372 Howl Bitmap #cards 1024 size 144 coarsen threshold 921 Card regions per heap region 1 cards per card region 8192
 CPUs: 20 total, 20 available
 Memory: 31963M
 Large Page Support: Disabled
 NUMA Support: Disabled
 Compressed Oops: Enabled (Zero based)
 Heap Region Size: 4M
 Heap Min Capacity: 8M
 Heap Initial Capacity: 500M
 Heap Max Capacity: 7992M
 Pre-touch: Disabled
 Parallel Workers: 15
 Concurrent Workers: 4
 Concurrent Refinement Workers: 15
 Periodic GC: Disabled
Heap:
 garbage-first heap   total 81920K, used 26180K [0x000000060c800000, 0x0000000800000000)
  region size 4096K, 7 young (28672K), 3 survivors (12288K)
 Metaspace       used 22854K, committed 23296K, reserved 1114112K
  class space    used 3483K, committed 3712K, reserved 1048576K
GC Heap History (6 events):
Event: 0,431 GC heap before
{Heap before GC invocations=0 (full 0):
 garbage-first heap   total 516096K, used 21533K [0x000000060c800000, 0x0000000800000000)
  region size 4096K, 6 young (24576K), 0 survivors (0K)
 Metaspace       used 4543K, committed 4736K, reserved 1114112K
  class space    used 526K, committed 576K, reserved 1048576K
}
Event: 0,432 GC heap after
{Heap after GC invocations=1 (full 0):
 garbage-first heap   total 516096K, used 5369K [0x000000060c800000, 0x0000000800000000)
  region size 4096K, 1 young (4096K), 1 survivors (4096K)
 Metaspace       used 4543K, committed 4736K, reserved 1114112K
  class space    used 526K, committed 576K, reserved 1048576K
}
Event: 5,881 GC heap before
{Heap before GC invocations=1 (full 0):
 garbage-first heap   total 516096K, used 62713K [0x000000060c800000, 0x0000000800000000)
  region size 4096K, 16 young (65536K), 1 survivors (4096K)
 Metaspace       used 19477K, committed 19776K, reserved 1114112K
  class space    used 2801K, committed 2944K, reserved 1048576K
}
Event: 5,884 GC heap after
{Heap after GC invocations=2 (full 0):
 garbage-first heap   total 516096K, used 12767K [0x000000060c800000, 0x0000000800000000)
  region size 4096K, 2 young (8192K), 2 survivors (8192K)
 Metaspace       used 19477K, committed 19776K, reserved 1114112K
  class space    used 2801K, committed 2944K, reserved 1048576K
}
Event: 5,978 GC heap before
{Heap before GC invocations=2 (full 0):
 garbage-first heap   total 516096K, used 25055K [0x000000060c800000, 0x0000000800000000)
  region size 4096K, 6 young (24576K), 2 survivors (8192K)
 Metaspace       used 21209K, committed 21504K, reserved 1114112K
  class space    used 3150K, committed 3264K, reserved 1048576K
}
Event: 5,981 GC heap after
{Heap after GC invocations=3 (full 0):
 garbage-first heap   total 516096K, used 13892K [0x000000060c800000, 0x0000000800000000)
  region size 4096K, 3 young (12288K), 3 survivors (12288K)
 Metaspace       used 21209K, committed 21504K, reserved 1114112K
  class space    used 3150K, committed 3264K, reserved 1048576K
}

