# JRE version: OpenJDK Runtime Environment (21.0.2+13) (build 21.0.2+13-58)
# Java VM: OpenJDK 64-Bit Server VM (21.0.2+13-58, mixed mode, sharing, tiered, compressed oops, compressed class ptrs, g1 gc, linux-amd64)
GC Precious Log:
 CardTable entry size: 512
 Card Set container configuration: InlinePtr #cards 5 size 8 Array Of Cards #cards 12 size 40 Howl #buckets 4 coarsen threshold 1843 Howl Bitmap #cards 512 size 80 coarsen threshold 460 Card regions per heap region 1 cards per card region 2048
 CPUs: 4 total, 4 available
 Memory: 3771M
 Large Page Support: Disabled
 NUMA Support: Disabled
 Compressed Oops: Enabled (32-bit)
 Heap Region Size: 1M
 Heap Min Capacity: 8M
 Heap Initial Capacity: 60M
 Heap Max Capacity: 944M
 Pre-touch: Disabled
 Parallel Workers: 4
 Concurrent Workers: 1
 Concurrent Refinement Workers: 4
 Periodic GC: Disabled
Heap:
 garbage-first heap   total 63488K, used 22977K [0x00000000c5000000, 0x0000000100000000)
  region size 1024K, 14 young (14336K), 5 survivors (5120K)
 Metaspace       used 17025K, committed 17408K, reserved 1114112K
  class space    used 2578K, committed 2752K, reserved 1048576K
GC Heap History (6 events):
Event: 1,871 GC heap before
{Heap before GC invocations=0 (full 0):
 garbage-first heap   total 63488K, used 13341K [0x00000000c5000000, 0x0000000100000000)
  region size 1024K, 13 young (13312K), 0 survivors (0K)
 Metaspace       used 2813K, committed 3008K, reserved 1114112K
  class space    used 302K, committed 384K, reserved 1048576K
}
Event: 1,877 GC heap after
{Heap after GC invocations=1 (full 0):
 garbage-first heap   total 63488K, used 2675K [0x00000000c5000000, 0x0000000100000000)
  region size 1024K, 2 young (2048K), 2 survivors (2048K)
 Metaspace       used 2813K, committed 3008K, reserved 1114112K
  class space    used 302K, committed 384K, reserved 1048576K
}
Event: 2,998 GC heap before
{Heap before GC invocations=1 (full 0):
 garbage-first heap   total 63488K, used 25203K [0x00000000c5000000, 0x0000000100000000)
  region size 1024K, 24 young (24576K), 2 survivors (2048K)
 Metaspace       used 8588K, committed 8896K, reserved 1114112K
  class space    used 1175K, committed 1344K, reserved 1048576K
}
Event: 3,008 GC heap after
{Heap after GC invocations=2 (full 0):
 garbage-first heap   total 63488K, used 7115K [0x00000000c5000000, 0x0000000100000000)
  region size 1024K, 3 young (3072K), 3 survivors (3072K)
 Metaspace       used 8588K, committed 8896K, reserved 1114112K
  class space    used 1175K, committed 1344K, reserved 1048576K
}
Event: 5,999 GC heap before
{Heap before GC invocations=2 (full 0):
 garbage-first heap   total 63488K, used 42955K [0x00000000c5000000, 0x0000000100000000)
  region size 1024K, 36 young (36864K), 3 survivors (3072K)
 Metaspace       used 15167K, committed 15552K, reserved 1114112K
  class space    used 2355K, committed 2560K, reserved 1048576K
}
Event: 6,154 GC heap after
{Heap after GC invocations=3 (full 0):
 garbage-first heap   total 63488K, used 14785K [0x00000000c5000000, 0x0000000100000000)
  region size 1024K, 5 young (5120K), 5 survivors (5120K)
 Metaspace       used 15167K, committed 15552K, reserved 1114112K
  class space    used 2355K, committed 2560K, reserved 1048576K
}

